[ 2016-07-22T12:46:11+08:00 ] 127.0.0.1 /Admin/Link/show_edit.html?id=+7+
INFO: [ app_begin ] --START--
INFO: Run Behavior\ReadHtmlCacheBehavior [ RunTime:0.005000s ]
INFO: [ app_begin ] --END-- [ RunTime:0.008001s ]
SQL: SHOW COLUMNS FROM `side` [ RunTime:0.0190s ]
SQL: SHOW COLUMNS FROM `link` [ RunTime:0.0180s ]
SQL: SELECT * FROM `link` WHERE `id` = 7 LIMIT 1   [ RunTime:0.0080s ]

[ 2016-07-22T12:46:15+08:00 ] 127.0.0.1 /Admin/Link/show_edit.html?id=+9+
INFO: [ app_begin ] --START--
INFO: Run Behavior\ReadHtmlCacheBehavior [ RunTime:0.010001s ]
INFO: [ app_begin ] --END-- [ RunTime:0.017001s ]
SQL: SHOW COLUMNS FROM `side` [ RunTime:0.0160s ]
SQL: SHOW COLUMNS FROM `link` [ RunTime:0.0170s ]
SQL: SELECT * FROM `link` WHERE `id` = 9 LIMIT 1   [ RunTime:0.0030s ]

[ 2016-07-22T12:46:20+08:00 ] 127.0.0.1 /Admin/Link/show_edit.html?id=+10+
INFO: [ app_begin ] --START--
INFO: Run Behavior\ReadHtmlCacheBehavior [ RunTime:0.003000s ]
INFO: [ app_begin ] --END-- [ RunTime:0.006000s ]
SQL: SHOW COLUMNS FROM `side` [ RunTime:0.0170s ]
SQL: SHOW COLUMNS FROM `link` [ RunTime:0.0190s ]
SQL: SELECT * FROM `link` WHERE `id` = 10 LIMIT 1   [ RunTime:0.0030s ]

[ 2016-07-22T15:48:10+08:00 ] 127.0.0.1 /Admin/Link/show_edit.html?id=+7+
INFO: [ app_begin ] --START--
INFO: Run Behavior\ReadHtmlCacheBehavior [ RunTime:0.002000s ]
INFO: [ app_begin ] --END-- [ RunTime:0.005000s ]
SQL: SHOW COLUMNS FROM `side` [ RunTime:0.0170s ]
SQL: SHOW COLUMNS FROM `link` [ RunTime:0.0170s ]
SQL: SELECT * FROM `link` WHERE `id` = 7 LIMIT 1   [ RunTime:0.0040s ]

